√ init server config.
●  load rdb from /home/dong/fedis/data/1.rdb
Load STRING(int) 0
Load STRING() k2
Load STRING(int) 10
Load STRING() k3
Load STRING(int) 11111
Ratio : used 1, size 4
Load STRING() k1
Load STRING() v1
Ratio : used 2, size 4
Load STRING() age
Load STRING(int) 17
Ratio : used 3, size 4
Load STRING() k4
Load STRING(int) 11111111
rehash :  [1]->[1].  0used 3,   0size 4,     1used 2   1size 8
Load STRING() name
Load STRING() dong
rehash :  [2]->[2].  0used 2,   0size 4,     1used 4   1size 8
bindaddr = NULL, port = 6667
getaddrinfo returned 0, servinfo = 0x5631d96ea8e0
● create server, listening.....
● create file event for fd[5].
● create file event for ACCEPT, listening.....
● create time event for serverCron
√ init server .
● server cron.
● server cron.
● server cron.
● server cron.
● server cron.
● server cron.
● server cron.
● server cron.
● server cron.
● server cron.
● server cron.
● server cron.
● server cron.
● server cron.
● server cron.
● server cron.
● server cron.
● server cron.
● server cron.
● server cron.
● server cron.
● server cron.
● server cron.
● server cron.
● server cron.
● server cron.
● server cron.
● server cron.
● server cron.
● server cron.
● server cron.
● server cron.
● server cron.
● server cron.
● server cron.
● server cron.
● server cron.
