Test: Simple String Complete
Input: '+OK
' (len=5)
Expected: 5, Got: 5
Result: PASS

Test: Simple String Incomplete
Input: '+OK' (len=3)
Expected: -1, Got: -1
Result: PASS

Test: Error Complete
Input: '-ERR
' (len=6)
Expected: 6, Got: 6
Result: PASS

Test: Integer Complete
Input: ':1000
' (len=7)
Expected: 7, Got: 7
Result: PASS

Test: Bulk String Complete
Input: '$3
foo
' (len=9)
Expected: 9, Got: 9
Result: PASS

Test: Bulk String Empty
Input: '$0
' (len=5)
Expected: 5, Got: 4
Result: FAIL

Test: Bulk String Null
Input: '$-1
' (len=5)
Expected: 5, Got: 5
Result: PASS

Test: Bulk String Incomplete Data
Input: '$3
fo' (len=6)
Expected: -1, Got: -1
Result: PASS

Test: Bulk String Incomplete Prefix
Input: '$3' (len=2)
Expected: -1, Got: -1
Result: PASS

Test: Array Complete
Input: '*2
$3
foo
$3
b' (len=18)
Expected: 18, Got: -1
Result: FAIL

Test: Array Empty
Input: '*0
' (len=4)
Expected: 4, Got: 4
Result: PASS

Test: Array Incomplete Element
Input: '*2
$3
foo
$3' (len=15)
Expected: -1, Got: -1
Result: PASS

Test: Invalid Type
Input: 'xABC
' (len=6)
Expected: -1, Got: -1
Result: PASS

Test: Too Short
Input: '+' (len=1)
Expected: -1, Got: -1
Result: PASS

Test: RDB Length
Input: '$10
1234567890' (len=15)
Expected: 15, Got: -1
Result: FAIL

