execve("./bin/redis", ["./bin/redis"], 0x7ffd45f73b40 /* 30 vars */) = 0
access("/etc/ld.so.preload", R_OK)      = -1 ENOENT (No such file or directory)
openat(AT_FDCWD, "/etc/ld.so.cache", O_RDONLY|O_CLOEXEC) = 3
newfstatat(3, "", {st_mode=S_IFREG|0644, st_size=24994, ...}, AT_EMPTY_PATH) = 0
openat(AT_FDCWD, "/lib/x86_64-linux-gnu/libc.so.6", O_RDONLY|O_CLOEXEC) = 3
newfstatat(3, "", {st_mode=S_IFREG|0755, st_size=1922136, ...}, AT_EMPTY_PATH) = 0
openat(AT_FDCWD, "/etc/localtime", O_RDONLY|O_CLOEXEC) = 3
newfstatat(3, "", {st_mode=S_IFREG|0644, st_size=561, ...}, AT_EMPTY_PATH) = 0
newfstatat(3, "", {st_mode=S_IFREG|0644, st_size=561, ...}, AT_EMPTY_PATH) = 0
newfstatat(1, "", {st_mode=S_IFIFO|0600, st_size=0, ...}, AT_EMPTY_PATH) = 0
newfstatat(AT_FDCWD, "/etc/localtime", {st_mode=S_IFREG|0644, st_size=561, ...}, 0) = 0
newfstatat(AT_FDCWD, "/etc/localtime", {st_mode=S_IFREG|0644, st_size=561, ...}, 0) = 0
openat(AT_FDCWD, "/home/dong/fedis/data/1.rdb", O_RDONLY) = 3
newfstatat(3, "", {st_mode=S_IFREG|0644, st_size=0, ...}, AT_EMPTY_PATH) = 0
newfstatat(AT_FDCWD, "/etc/localtime", {st_mode=S_IFREG|0644, st_size=561, ...}, 0) = 0
openat(AT_FDCWD, "/etc/gai.conf", O_RDONLY|O_CLOEXEC) = 5
newfstatat(5, "", {st_mode=S_IFREG|0644, st_size=2584, ...}, AT_EMPTY_PATH) = 0
newfstatat(5, "", {st_mode=S_IFREG|0644, st_size=2584, ...}, AT_EMPTY_PATH) = 0
newfstatat(AT_FDCWD, "/etc/localtime", {st_mode=S_IFREG|0644, st_size=561, ...}, 0) = 0
newfstatat(AT_FDCWD, "/etc/localtime", {st_mode=S_IFREG|0644, st_size=561, ...}, 0) = 0
newfstatat(AT_FDCWD, "/etc/localtime", {st_mode=S_IFREG|0644, st_size=561, ...}, 0) = 0
newfstatat(AT_FDCWD, "/etc/localtime", {st_mode=S_IFREG|0644, st_size=561, ...}, 0) = 0
newfstatat(AT_FDCWD, "/etc/localtime", {st_mode=S_IFREG|0644, st_size=561, ...}, 0) = 0
newfstatat(AT_FDCWD, "/etc/localtime", {st_mode=S_IFREG|0644, st_size=561, ...}, 0) = 0
newfstatat(AT_FDCWD, "/etc/localtime", {st_mode=S_IFREG|0644, st_size=561, ...}, 0) = 0
newfstatat(AT_FDCWD, "/etc/localtime", {st_mode=S_IFREG|0644, st_size=561, ...}, 0) = 0
newfstatat(AT_FDCWD, "/etc/localtime", {st_mode=S_IFREG|0644, st_size=561, ...}, 0) = 0
newfstatat(AT_FDCWD, "/etc/localtime", {st_mode=S_IFREG|0644, st_size=561, ...}, 0) = 0
newfstatat(AT_FDCWD, "/etc/localtime", {st_mode=S_IFREG|0644, st_size=561, ...}, 0) = 0
newfstatat(AT_FDCWD, "/etc/localtime", {st_mode=S_IFREG|0644, st_size=561, ...}, 0) = 0
newfstatat(AT_FDCWD, "/etc/localtime", {st_mode=S_IFREG|0644, st_size=561, ...}, 0) = 0
newfstatat(AT_FDCWD, "/etc/localtime", {st_mode=S_IFREG|0644, st_size=561, ...}, 0) = 0
newfstatat(AT_FDCWD, "/etc/localtime", {st_mode=S_IFREG|0644, st_size=561, ...}, 0) = 0
newfstatat(AT_FDCWD, "/etc/localtime", {st_mode=S_IFREG|0644, st_size=561, ...}, 0) = 0
newfstatat(AT_FDCWD, "/etc/localtime", {st_mode=S_IFREG|0644, st_size=561, ...}, 0) = 0
newfstatat(AT_FDCWD, "/etc/localtime", {st_mode=S_IFREG|0644, st_size=561, ...}, 0) = 0
newfstatat(AT_FDCWD, "/etc/localtime", {st_mode=S_IFREG|0644, st_size=561, ...}, 0) = 0
newfstatat(AT_FDCWD, "/etc/localtime", {st_mode=S_IFREG|0644, st_size=561, ...}, 0) = 0
newfstatat(AT_FDCWD, "/etc/localtime", {st_mode=S_IFREG|0644, st_size=561, ...}, 0) = 0
newfstatat(AT_FDCWD, "/etc/localtime", {st_mode=S_IFREG|0644, st_size=561, ...}, 0) = 0
newfstatat(AT_FDCWD, "/etc/localtime", {st_mode=S_IFREG|0644, st_size=561, ...}, 0) = 0
newfstatat(AT_FDCWD, "/etc/localtime", {st_mode=S_IFREG|0644, st_size=561, ...}, 0) = 0
newfstatat(AT_FDCWD, "/etc/localtime", {st_mode=S_IFREG|0644, st_size=561, ...}, 0) = 0
newfstatat(AT_FDCWD, "/etc/localtime", {st_mode=S_IFREG|0644, st_size=561, ...}, 0) = 0
newfstatat(AT_FDCWD, "/etc/localtime", {st_mode=S_IFREG|0644, st_size=561, ...}, 0) = 0
newfstatat(AT_FDCWD, "/etc/localtime", {st_mode=S_IFREG|0644, st_size=561, ...}, 0) = 0
newfstatat(AT_FDCWD, "/etc/localtime", {st_mode=S_IFREG|0644, st_size=561, ...}, 0) = 0
newfstatat(AT_FDCWD, "/etc/localtime", {st_mode=S_IFREG|0644, st_size=561, ...}, 0) = 0
newfstatat(AT_FDCWD, "/etc/localtime", {st_mode=S_IFREG|0644, st_size=561, ...}, 0) = 0
newfstatat(AT_FDCWD, "/etc/localtime", {st_mode=S_IFREG|0644, st_size=561, ...}, 0) = 0
newfstatat(AT_FDCWD, "/etc/localtime", {st_mode=S_IFREG|0644, st_size=561, ...}, 0) = 0
newfstatat(AT_FDCWD, "/etc/localtime", {st_mode=S_IFREG|0644, st_size=561, ...}, 0) = 0
newfstatat(AT_FDCWD, "/etc/localtime", {st_mode=S_IFREG|0644, st_size=561, ...}, 0) = 0
newfstatat(AT_FDCWD, "/etc/localtime", {st_mode=S_IFREG|0644, st_size=561, ...}, 0) = 0
newfstatat(AT_FDCWD, "/etc/localtime", {st_mode=S_IFREG|0644, st_size=561, ...}, 0) = 0
newfstatat(AT_FDCWD, "/etc/localtime", {st_mode=S_IFREG|0644, st_size=561, ...}, 0) = 0
newfstatat(AT_FDCWD, "/etc/localtime", {st_mode=S_IFREG|0644, st_size=561, ...}, 0) = 0
newfstatat(AT_FDCWD, "/etc/localtime", {st_mode=S_IFREG|0644, st_size=561, ...}, 0) = 0
newfstatat(AT_FDCWD, "/etc/localtime", {st_mode=S_IFREG|0644, st_size=561, ...}, 0) = 0
newfstatat(AT_FDCWD, "/etc/localtime", {st_mode=S_IFREG|0644, st_size=561, ...}, 0) = 0
--- SIGCHLD {si_signo=SIGCHLD, si_code=CLD_EXITED, si_pid=30110, si_uid=1000, si_status=0, si_utime=0, si_stime=0} ---
newfstatat(AT_FDCWD, "/etc/localtime", {st_mode=S_IFREG|0644, st_size=561, ...}, 0) = 0
newfstatat(7, "", {st_mode=S_IFCHR|0620, st_rdev=makedev(0x88, 0x8), ...}, AT_EMPTY_PATH) = 0
newfstatat(AT_FDCWD, "/etc/localtime", {st_mode=S_IFREG|0644, st_size=561, ...}, 0) = 0
--- SIGINT {si_signo=SIGINT, si_code=SI_KERNEL} ---
newfstatat(AT_FDCWD, "/etc/localtime", {st_mode=S_IFREG|0644, st_size=561, ...}, 0) = 0
--- SIGPIPE {si_signo=SIGPIPE, si_code=SI_USER, si_pid=29993, si_uid=1000} ---
+++ killed by SIGPIPE +++
